<?xml version="1.0" encoding="UTF-8"?>
<!-- Generated by org.testng.reporters.JUnitXMLReporter -->
<testsuite ignored="0" hostname="DESKTOP-N48709M" failures="1" tests="5" name="Surefire test" time="37.388" errors="0" timestamp="2025-07-08T12:59:04 IST">
  <testcase classname="tests.ErrorValidationsTest" name="LoginErrorValidation" time="0.806">
    <skipped/>
  </testcase> <!-- LoginErrorValidation -->
  <testcase classname="tests.ErrorValidationsTest" name="LoginErrorValidation" time="0.72">
    <failure type="java.lang.AssertionError" message="expected [Incorrect email or password.] but found [Incorrect email  password.]">
      <![CDATA[java.lang.AssertionError: expected [Incorrect email or password.] but found [Incorrect email  password.]
at tests.ErrorValidationsTest.LoginErrorValidation(ErrorValidationsTest.java:23)
at java.base/java.util.ArrayList.forEach(ArrayList.java:1511)
... Removed 36 stack frames]]>
    </failure>
  </testcase> <!-- LoginErrorValidation -->
  <testcase classname="tests.ErrorValidationsTest" name="ProductErrorValidation" time="2.91"/>
  <testcase classname="tests.SubmitOrderTest" name="SubmitTest" time="4.614"/>
  <testcase classname="tests.SubmitOrderTest" name="SubmitTest" time="4.037"/>
</testsuite> <!-- Surefire test -->
