<?xml version="1.0" encoding="UTF-8"?>
<!-- Generated by org.testng.reporters.JUnitXMLReporter -->
<testsuite ignored="0" hostname="DESKTOP-N48709M" failures="0" tests="2" name="Error Validation Test" time="20.745" errors="0" timestamp="2025-07-10T10:52:49 IST">
  <testcase classname="tests.ErrorValidationsTest" name="LoginErrorValidation" time="1.539"/>
  <testcase classname="tests.ErrorValidationsTest" name="ProductErrorValidation" time="3.56"/>
</testsuite> <!-- Error Validation Test -->
