<?xml version="1.0" encoding="UTF-8"?>
<testng-results ignored="0" total="4" passed="4" failed="0" skipped="0">
  <reporter-output>
  </reporter-output>
  <suite started-at="2025-07-10T10:52:27 IST" name="Suite" finished-at="2025-07-10T10:52:56 IST" duration-ms="29173">
    <groups>
      <group name="Purchase">
        <method signature="SubmitOrderTest.SubmitTest(java.util.HashMap)[pri:0, instance:tests.SubmitOrderTest@1a75e76a]" name="SubmitTest" class="tests.SubmitOrderTest"/>
      </group> <!-- Purchase -->
      <group name="ErrorHandaling">
        <method signature="ErrorValidationsTest.LoginErrorValidation()[pri:0, instance:tests.ErrorValidationsTest@15a34df2]" name="LoginErrorValidation" class="tests.ErrorValidationsTest"/>
      </group> <!-- ErrorHandaling -->
    </groups>
    <test started-at="2025-07-10T10:52:27 IST" name="Error Validation Test" finished-at="2025-07-10T10:52:47 IST" duration-ms="20745">
      <class name="tests.ErrorValidationsTest">
        <test-method is-config="true" signature="LaunchApplication()[pri:0, instance:tests.ErrorValidationsTest@15a34df2]" started-at="2025-07-10T10:52:27 IST" name="LaunchApplication" finished-at="2025-07-10T10:52:36 IST" duration-ms="9009" status="PASS">
          <reporter-output>
          </reporter-output>
        </test-method> <!-- LaunchApplication -->
        <test-method signature="LoginErrorValidation()[pri:0, instance:tests.ErrorValidationsTest@15a34df2]" started-at="2025-07-10T10:52:36 IST" name="LoginErrorValidation" finished-at="2025-07-10T10:52:37 IST" duration-ms="1539" status="PASS">
          <reporter-output>
          </reporter-output>
        </test-method> <!-- LoginErrorValidation -->
        <test-method is-config="true" signature="tearDown()[pri:0, instance:tests.ErrorValidationsTest@15a34df2]" started-at="2025-07-10T10:52:37 IST" name="tearDown" finished-at="2025-07-10T10:52:38 IST" duration-ms="464" status="PASS">
          <reporter-output>
          </reporter-output>
        </test-method> <!-- tearDown -->
        <test-method is-config="true" signature="LaunchApplication()[pri:0, instance:tests.ErrorValidationsTest@15a34df2]" started-at="2025-07-10T10:52:38 IST" name="LaunchApplication" finished-at="2025-07-10T10:52:42 IST" duration-ms="4427" status="PASS">
          <reporter-output>
          </reporter-output>
        </test-method> <!-- LaunchApplication -->
        <test-method signature="ProductErrorValidation()[pri:0, instance:tests.ErrorValidationsTest@15a34df2]" started-at="2025-07-10T10:52:42 IST" name="ProductErrorValidation" finished-at="2025-07-10T10:52:46 IST" duration-ms="3560" status="PASS">
          <reporter-output>
          </reporter-output>
        </test-method> <!-- ProductErrorValidation -->
        <test-method is-config="true" signature="tearDown()[pri:0, instance:tests.ErrorValidationsTest@15a34df2]" started-at="2025-07-10T10:52:46 IST" name="tearDown" finished-at="2025-07-10T10:52:47 IST" duration-ms="1610" status="PASS">
          <reporter-output>
          </reporter-output>
        </test-method> <!-- tearDown -->
      </class> <!-- tests.ErrorValidationsTest -->
    </test> <!-- Error Validation Test -->
    <test started-at="2025-07-10T10:52:27 IST" name="Submit Order Test" finished-at="2025-07-10T10:52:56 IST" duration-ms="29173">
      <class name="tests.SubmitOrderTest">
        <test-method is-config="true" signature="LaunchApplication()[pri:0, instance:tests.SubmitOrderTest@1a75e76a]" started-at="2025-07-10T10:52:27 IST" name="LaunchApplication" finished-at="2025-07-10T10:52:33 IST" duration-ms="5696" status="PASS">
          <reporter-output>
          </reporter-output>
        </test-method> <!-- LaunchApplication -->
        <test-method signature="SubmitTest(java.util.HashMap)[pri:0, instance:tests.SubmitOrderTest@1a75e76a]" started-at="2025-07-10T10:52:33 IST" name="SubmitTest" data-provider="getData" finished-at="2025-07-10T10:52:43 IST" duration-ms="9522" status="PASS">
          <params>
            <param index="0">
              <value>
                <![CDATA[{prodName=ADIDAS ORIGINAL, pass=@Admin01, email=admin001@gmail.com}]]>
              </value>
            </param>
          </params>
          <reporter-output>
          </reporter-output>
        </test-method> <!-- SubmitTest -->
        <test-method is-config="true" signature="tearDown()[pri:0, instance:tests.SubmitOrderTest@1a75e76a]" started-at="2025-07-10T10:52:43 IST" name="tearDown" finished-at="2025-07-10T10:52:45 IST" duration-ms="2098" status="PASS">
          <reporter-output>
          </reporter-output>
        </test-method> <!-- tearDown -->
        <test-method is-config="true" signature="LaunchApplication()[pri:0, instance:tests.SubmitOrderTest@1a75e76a]" started-at="2025-07-10T10:52:45 IST" name="LaunchApplication" finished-at="2025-07-10T10:52:51 IST" duration-ms="6080" status="PASS">
          <reporter-output>
          </reporter-output>
        </test-method> <!-- LaunchApplication -->
        <test-method signature="SubmitTest(java.util.HashMap)[pri:0, instance:tests.SubmitOrderTest@1a75e76a]" started-at="2025-07-10T10:52:51 IST" name="SubmitTest" data-provider="getData" finished-at="2025-07-10T10:52:56 IST" duration-ms="4896" status="PASS">
          <params>
            <param index="0">
              <value>
                <![CDATA[{prodName=ZARA COAT 3, pass=@Riyaj01, email=riyaj01@gmail.com}]]>
              </value>
            </param>
          </params>
          <reporter-output>
          </reporter-output>
        </test-method> <!-- SubmitTest -->
        <test-method is-config="true" signature="tearDown()[pri:0, instance:tests.SubmitOrderTest@1a75e76a]" started-at="2025-07-10T10:52:56 IST" name="tearDown" finished-at="2025-07-10T10:52:56 IST" duration-ms="281" status="PASS">
          <reporter-output>
          </reporter-output>
        </test-method> <!-- tearDown -->
      </class> <!-- tests.SubmitOrderTest -->
    </test> <!-- Submit Order Test -->
  </suite> <!-- Suite -->
</testng-results>
