<?xml version="1.0" encoding="UTF-8"?>
<testng-results retried="1" ignored="0" total="5" passed="3" failed="1" skipped="0">
  <reporter-output>
  </reporter-output>
  <suite started-at="2025-07-07T18:55:37 IST" name="Suite" finished-at="2025-07-07T18:56:05 IST" duration-ms="28243">
    <groups>
      <group name="Purchase">
        <method signature="SubmitOrderTest.SubmitTest(java.util.HashMap)[pri:0, instance:tests.SubmitOrderTest@6f43c82]" name="SubmitTest" class="tests.SubmitOrderTest"/>
      </group> <!-- Purchase -->
      <group name="ErrorHandaling">
        <method signature="ErrorValidationsTest.LoginErrorValidation()[pri:0, instance:tests.ErrorValidationsTest@36804139]" name="LoginErrorValidation" class="tests.ErrorValidationsTest"/>
      </group> <!-- ErrorHandaling -->
    </groups>
    <test started-at="2025-07-07T18:55:37 IST" name="Error Validation Test" finished-at="2025-07-07T18:56:05 IST" duration-ms="28240">
      <class name="tests.ErrorValidationsTest">
        <test-method is-config="true" signature="LaunchApplication()[pri:0, instance:tests.ErrorValidationsTest@36804139]" started-at="2025-07-07T18:55:37 IST" name="LaunchApplication" finished-at="2025-07-07T18:55:42 IST" duration-ms="5031" status="PASS">
          <reporter-output>
          </reporter-output>
        </test-method> <!-- LaunchApplication -->
        <test-method retried="true" signature="LoginErrorValidation()[pri:0, instance:tests.ErrorValidationsTest@36804139]" started-at="2025-07-07T18:55:42 IST" name="LoginErrorValidation" finished-at="2025-07-07T18:55:46 IST" duration-ms="4585" status="SKIP">
          <exception class="java.lang.AssertionError">
            <message>
              <![CDATA[expected [Incorrect email or password.] but found [Incorrect email  password.]]]>
            </message>
            <full-stacktrace>
              <![CDATA[java.lang.AssertionError: expected [Incorrect email or password.] but found [Incorrect email  password.]
at org.testng.Assert.fail(Assert.java:99)
at org.testng.Assert.failNotEquals(Assert.java:1037)
at org.testng.Assert.assertEqualsImpl(Assert.java:140)
at org.testng.Assert.assertEquals(Assert.java:122)
at org.testng.Assert.assertEquals(Assert.java:629)
at org.testng.Assert.assertEquals(Assert.java:639)
at tests.ErrorValidationsTest.LoginErrorValidation(ErrorValidationsTest.java:23)
at java.base/jdk.internal.reflect.DirectMethodHandleAccessor.invoke(DirectMethodHandleAccessor.java:103)
at java.base/java.lang.reflect.Method.invoke(Method.java:580)
at org.testng.internal.MethodInvocationHelper.invokeMethod(MethodInvocationHelper.java:133)
at org.testng.internal.TestInvoker.invokeMethod(TestInvoker.java:598)
at org.testng.internal.TestInvoker.invokeTestMethod(TestInvoker.java:173)
at org.testng.internal.MethodRunner.runInSequence(MethodRunner.java:46)
at org.testng.internal.TestInvoker$MethodInvocationAgent.invoke(TestInvoker.java:824)
at org.testng.internal.TestInvoker.invokeTestMethods(TestInvoker.java:146)
at org.testng.internal.TestMethodWorker.invokeTestMethods(TestMethodWorker.java:146)
at org.testng.internal.TestMethodWorker.run(TestMethodWorker.java:128)
at java.base/java.util.ArrayList.forEach(ArrayList.java:1597)
at org.testng.TestRunner.privateRun(TestRunner.java:794)
at org.testng.TestRunner.run(TestRunner.java:596)
at org.testng.SuiteRunner.runTest(SuiteRunner.java:377)
at org.testng.SuiteRunner.access$000(SuiteRunner.java:28)
at org.testng.SuiteRunner$SuiteWorker.run(SuiteRunner.java:418)
at org.testng.internal.thread.ThreadUtil.lambda$execute$0(ThreadUtil.java:64)
at java.base/java.util.concurrent.FutureTask.run(FutureTask.java:317)
at java.base/java.util.concurrent.ThreadPoolExecutor.runWorker(ThreadPoolExecutor.java:1144)
at java.base/java.util.concurrent.ThreadPoolExecutor$Worker.run(ThreadPoolExecutor.java:642)
at java.base/java.lang.Thread.run(Thread.java:1575)
]]>
            </full-stacktrace>
          </exception> <!-- java.lang.AssertionError -->
          <reporter-output>
          </reporter-output>
        </test-method> <!-- LoginErrorValidation -->
        <test-method is-config="true" signature="tearDown()[pri:0, instance:tests.ErrorValidationsTest@36804139]" started-at="2025-07-07T18:55:46 IST" name="tearDown" finished-at="2025-07-07T18:55:47 IST" duration-ms="817" status="PASS">
          <reporter-output>
          </reporter-output>
        </test-method> <!-- tearDown -->
        <test-method is-config="true" signature="LaunchApplication()[pri:0, instance:tests.ErrorValidationsTest@36804139]" started-at="2025-07-07T18:55:47 IST" name="LaunchApplication" finished-at="2025-07-07T18:55:52 IST" duration-ms="4627" status="PASS">
          <reporter-output>
          </reporter-output>
        </test-method> <!-- LaunchApplication -->
        <test-method signature="LoginErrorValidation()[pri:0, instance:tests.ErrorValidationsTest@36804139]" started-at="2025-07-07T18:55:52 IST" name="LoginErrorValidation" finished-at="2025-07-07T18:55:53 IST" duration-ms="1334" status="FAIL">
          <exception class="java.lang.AssertionError">
            <message>
              <![CDATA[expected [Incorrect email or password.] but found [Incorrect email  password.]]]>
            </message>
            <full-stacktrace>
              <![CDATA[java.lang.AssertionError: expected [Incorrect email or password.] but found [Incorrect email  password.]
at org.testng.Assert.fail(Assert.java:99)
at org.testng.Assert.failNotEquals(Assert.java:1037)
at org.testng.Assert.assertEqualsImpl(Assert.java:140)
at org.testng.Assert.assertEquals(Assert.java:122)
at org.testng.Assert.assertEquals(Assert.java:629)
at org.testng.Assert.assertEquals(Assert.java:639)
at tests.ErrorValidationsTest.LoginErrorValidation(ErrorValidationsTest.java:23)
at java.base/jdk.internal.reflect.DirectMethodHandleAccessor.invoke(DirectMethodHandleAccessor.java:103)
at java.base/java.lang.reflect.Method.invoke(Method.java:580)
at org.testng.internal.MethodInvocationHelper.invokeMethod(MethodInvocationHelper.java:133)
at org.testng.internal.TestInvoker.invokeMethod(TestInvoker.java:598)
at org.testng.internal.TestInvoker.retryFailed(TestInvoker.java:213)
at org.testng.internal.MethodRunner.runInSequence(MethodRunner.java:58)
at org.testng.internal.TestInvoker$MethodInvocationAgent.invoke(TestInvoker.java:824)
at org.testng.internal.TestInvoker.invokeTestMethods(TestInvoker.java:146)
at org.testng.internal.TestMethodWorker.invokeTestMethods(TestMethodWorker.java:146)
at org.testng.internal.TestMethodWorker.run(TestMethodWorker.java:128)
at java.base/java.util.ArrayList.forEach(ArrayList.java:1597)
at org.testng.TestRunner.privateRun(TestRunner.java:794)
at org.testng.TestRunner.run(TestRunner.java:596)
at org.testng.SuiteRunner.runTest(SuiteRunner.java:377)
at org.testng.SuiteRunner.access$000(SuiteRunner.java:28)
at org.testng.SuiteRunner$SuiteWorker.run(SuiteRunner.java:418)
at org.testng.internal.thread.ThreadUtil.lambda$execute$0(ThreadUtil.java:64)
at java.base/java.util.concurrent.FutureTask.run(FutureTask.java:317)
at java.base/java.util.concurrent.ThreadPoolExecutor.runWorker(ThreadPoolExecutor.java:1144)
at java.base/java.util.concurrent.ThreadPoolExecutor$Worker.run(ThreadPoolExecutor.java:642)
at java.base/java.lang.Thread.run(Thread.java:1575)
]]>
            </full-stacktrace>
          </exception> <!-- java.lang.AssertionError -->
          <reporter-output>
          </reporter-output>
        </test-method> <!-- LoginErrorValidation -->
        <test-method is-config="true" signature="tearDown()[pri:0, instance:tests.ErrorValidationsTest@36804139]" started-at="2025-07-07T18:55:54 IST" name="tearDown" finished-at="2025-07-07T18:55:55 IST" duration-ms="1124" status="PASS">
          <reporter-output>
          </reporter-output>
        </test-method> <!-- tearDown -->
        <test-method is-config="true" signature="LaunchApplication()[pri:0, instance:tests.ErrorValidationsTest@36804139]" started-at="2025-07-07T18:55:55 IST" name="LaunchApplication" finished-at="2025-07-07T18:56:01 IST" duration-ms="5453" status="PASS">
          <reporter-output>
          </reporter-output>
        </test-method> <!-- LaunchApplication -->
        <test-method signature="ProductErrorValidation()[pri:0, instance:tests.ErrorValidationsTest@36804139]" started-at="2025-07-07T18:56:01 IST" name="ProductErrorValidation" finished-at="2025-07-07T18:56:04 IST" duration-ms="3647" status="PASS">
          <reporter-output>
          </reporter-output>
        </test-method> <!-- ProductErrorValidation -->
        <test-method is-config="true" signature="tearDown()[pri:0, instance:tests.ErrorValidationsTest@36804139]" started-at="2025-07-07T18:56:04 IST" name="tearDown" finished-at="2025-07-07T18:56:05 IST" duration-ms="447" status="PASS">
          <reporter-output>
          </reporter-output>
        </test-method> <!-- tearDown -->
      </class> <!-- tests.ErrorValidationsTest -->
    </test> <!-- Error Validation Test -->
    <test started-at="2025-07-07T18:55:37 IST" name="Submit Order Test" finished-at="2025-07-07T18:56:05 IST" duration-ms="28111">
      <class name="tests.SubmitOrderTest">
        <test-method is-config="true" signature="LaunchApplication()[pri:0, instance:tests.SubmitOrderTest@6f43c82]" started-at="2025-07-07T18:55:37 IST" name="LaunchApplication" finished-at="2025-07-07T18:55:42 IST" duration-ms="4730" status="PASS">
          <reporter-output>
          </reporter-output>
        </test-method> <!-- LaunchApplication -->
        <test-method signature="SubmitTest(java.util.HashMap)[pri:0, instance:tests.SubmitOrderTest@6f43c82]" started-at="2025-07-07T18:55:42 IST" name="SubmitTest" data-provider="getData" finished-at="2025-07-07T18:55:51 IST" duration-ms="9441" status="PASS">
          <params>
            <param index="0">
              <value>
                <![CDATA[{prodName=ADIDAS ORIGINAL, pass=@Admin01, email=admin001@gmail.com}]]>
              </value>
            </param>
          </params>
          <reporter-output>
          </reporter-output>
        </test-method> <!-- SubmitTest -->
        <test-method is-config="true" signature="tearDown()[pri:0, instance:tests.SubmitOrderTest@6f43c82]" started-at="2025-07-07T18:55:51 IST" name="tearDown" finished-at="2025-07-07T18:55:52 IST" duration-ms="875" status="PASS">
          <reporter-output>
          </reporter-output>
        </test-method> <!-- tearDown -->
        <test-method is-config="true" signature="LaunchApplication()[pri:0, instance:tests.SubmitOrderTest@6f43c82]" started-at="2025-07-07T18:55:52 IST" name="LaunchApplication" finished-at="2025-07-07T18:55:58 IST" duration-ms="5801" status="PASS">
          <reporter-output>
          </reporter-output>
        </test-method> <!-- LaunchApplication -->
        <test-method signature="SubmitTest(java.util.HashMap)[pri:0, instance:tests.SubmitOrderTest@6f43c82]" started-at="2025-07-07T18:55:58 IST" name="SubmitTest" data-provider="getData" finished-at="2025-07-07T18:56:04 IST" duration-ms="6107" status="PASS">
          <params>
            <param index="0">
              <value>
                <![CDATA[{prodName=ZARA COAT 3, pass=@Riyaj01, email=riyaj01@gmail.com}]]>
              </value>
            </param>
          </params>
          <reporter-output>
          </reporter-output>
        </test-method> <!-- SubmitTest -->
        <test-method is-config="true" signature="tearDown()[pri:0, instance:tests.SubmitOrderTest@6f43c82]" started-at="2025-07-07T18:56:04 IST" name="tearDown" finished-at="2025-07-07T18:56:05 IST" duration-ms="581" status="PASS">
          <reporter-output>
          </reporter-output>
        </test-method> <!-- tearDown -->
      </class> <!-- tests.SubmitOrderTest -->
    </test> <!-- Submit Order Test -->
  </suite> <!-- Suite -->
</testng-results>
