<?xml version="1.0" encoding="UTF-8"?>
<!-- Generated by org.testng.reporters.JUnitReportReporter -->
<testsuite hostname="DESKTOP-N48709M" failures="0" tests="2" name="tests.SubmitOrderTest" time="27.535" errors="0" timestamp="2025-07-07T18:56:06 IST" skipped="0">
  <testcase classname="tests.SubmitOrderTest" name="SubmitTest" time="15.823"/>
  <system-out/>
  <testcase classname="tests.SubmitOrderTest" name="SubmitTest" time="11.712"/>
  <system-out/>
</testsuite> <!-- tests.SubmitOrderTest -->
