<?xml version="1.0" encoding="UTF-8"?>
<!-- Generated by org.testng.reporters.JUnitReportReporter -->
<testsuite hostname="DESKTOP-N48709M" failures="0" tests="2" name="tests.ErrorValidationsTest" time="20.609" errors="0" timestamp="2025-07-10T10:52:56 IST" skipped="0">
  <testcase classname="tests.ErrorValidationsTest" name="LoginErrorValidation" time="11.012"/>
  <testcase classname="tests.ErrorValidationsTest" name="ProductErrorValidation" time="9.597"/>
</testsuite> <!-- tests.ErrorValidationsTest -->
